<?xml version="1.0" encoding="UTF-8"?>
<!-- Generated by org.testng.reporters.JUnitXMLReporter -->
<testsuite ignored="0" hostname="Ketan" failures="0" tests="4" name="Default test" time="7.827" errors="0" timestamp="2024-06-13T17:21:18 IST">
  <testcase classname="api.test.orderTests" name="postOrder" time="3.066"/>
  <testcase classname="api.test.orderTests" name="getOrder" time="1.566"/>
  <testcase classname="api.test.orderTests" name="updateOrder" time="1.534"/>
  <testcase classname="api.test.orderTests" name="deleteOrder" time="1.533"/>
</testsuite> <!-- Default test -->
