<?xml version="1.0" encoding="UTF-8"?>
<!-- Generated by org.testng.reporters.JUnitXMLReporter -->
<testsuite ignored="0" hostname="Ketan" failures="0" tests="4" name="Test" time="8.058" errors="0" timestamp="2024-06-19T14:08:44 IST">
  <testcase classname="api.test.orderTests" name="postOrder" time="3.07"/>
  <testcase classname="api.test.orderTests" name="getOrder" time="1.562"/>
  <testcase classname="api.test.orderTests" name="updateOrder" time="1.615"/>
  <testcase classname="api.test.orderTests" name="deleteOrder" time="1.521"/>
</testsuite> <!-- Test -->
